
**** Build of configuration Debug for project Util ****

"C:\\ti\\ccs1200\\ccs\\utils\\bin\\gmake" -k -j 8 all -O 
 
Building file: "../led.c"
Invoking: Arm Compiler
"C:/ti/ccs1200/ccs/tools/compiler/ti-cgt-arm_20.2.6.LTS/bin/armcl" -mv7M4 --code_state=16 --float_support=FPv4SPD16 -me --include_path="C:/Users/jhubk2/Desktop/Util" --include_path="C:/ti/TivaWare_C_Series-2.2.0.295" --include_path="C:/ti/ccs1200/ccs/tools/compiler/ti-cgt-arm_20.2.6.LTS/include" --define=ccs="ccs" --define=PART_TM4C123GH6PM -g --gcc --diag_warning=225 --diag_wrap=off --display_error_number --abi=eabi --preproc_with_compile --preproc_dependency="led.d_raw"  "../led.c"
Finished building: "../led.c"
 
Building file: "../uart.c"
Invoking: Arm Compiler
"C:/ti/ccs1200/ccs/tools/compiler/ti-cgt-arm_20.2.6.LTS/bin/armcl" -mv7M4 --code_state=16 --float_support=FPv4SPD16 -me --include_path="C:/Users/jhubk2/Desktop/Util" --include_path="C:/ti/TivaWare_C_Series-2.2.0.295" --include_path="C:/ti/ccs1200/ccs/tools/compiler/ti-cgt-arm_20.2.6.LTS/include" --define=ccs="ccs" --define=PART_TM4C123GH6PM -g --gcc --diag_warning=225 --diag_wrap=off --display_error_number --abi=eabi --preproc_with_compile --preproc_dependency="uart.d_raw"  "../uart.c"
Finished building: "../uart.c"
 
Building file: "../launchpad.c"
Invoking: Arm Compiler
"C:/ti/ccs1200/ccs/tools/compiler/ti-cgt-arm_20.2.6.LTS/bin/armcl" -mv7M4 --code_state=16 --float_support=FPv4SPD16 -me --include_path="C:/Users/jhubk2/Desktop/Util" --include_path="C:/ti/TivaWare_C_Series-2.2.0.295" --include_path="C:/ti/ccs1200/ccs/tools/compiler/ti-cgt-arm_20.2.6.LTS/include" --define=ccs="ccs" --define=PART_TM4C123GH6PM -g --gcc --diag_warning=225 --diag_wrap=off --display_error_number --abi=eabi --preproc_with_compile --preproc_dependency="launchpad.d_raw"  "../launchpad.c"
Finished building: "../launchpad.c"
 
Building file: "../pushbutton.c"
Invoking: Arm Compiler
"C:/ti/ccs1200/ccs/tools/compiler/ti-cgt-arm_20.2.6.LTS/bin/armcl" -mv7M4 --code_state=16 --float_support=FPv4SPD16 -me --include_path="C:/Users/jhubk2/Desktop/Util" --include_path="C:/ti/TivaWare_C_Series-2.2.0.295" --include_path="C:/ti/ccs1200/ccs/tools/compiler/ti-cgt-arm_20.2.6.LTS/include" --define=ccs="ccs" --define=PART_TM4C123GH6PM -g --gcc --diag_warning=225 --diag_wrap=off --display_error_number --abi=eabi --preproc_with_compile --preproc_dependency="pushbutton.d_raw"  "../pushbutton.c"
Finished building: "../pushbutton.c"
 
Building target: "Util.lib"
Invoking: Arm Archiver
"C:/ti/ccs1200/ccs/tools/compiler/ti-cgt-arm_20.2.6.LTS/bin/armar" r "Util.lib" "./launchpad.obj" "./led.obj" "./pushbutton.obj" "./uart.obj" 
  ==>  new archive 'Util.lib'
  ==>  building archive 'Util.lib'
Finished building target: "Util.lib"
 

**** Build Finished ****
